c:\Users\artur\AppData\Local\Temp\gyqk4z0q.0.cs(119,40) : error CS1061: 'SmartBotProfiles.RulesSet' does not contain a definition for 'AddOrUpdate' and no extension method 'AddOrUpdate' accepting a first argument of type 'SmartBotProfiles.RulesSet' could be found (are you missing a using directive or an assembly reference?)
c:\Users\artur\AppData\Local\Temp\gyqk4z0q.0.cs(119,69) : error CS0246: The type or namespace name 'Modifier' could not be found (are you missing a using directive or an assembly reference?)
c:\Users\artur\AppData\Local\Temp\gyqk4z0q.0.cs(122,40) : error CS1061: 'SmartBotProfiles.RulesSet' does not contain a definition for 'AddOrUpdate' and no extension method 'AddOrUpdate' accepting a first argument of type 'SmartBotProfiles.RulesSet' could be found (are you missing a using directive or an assembly reference?)
c:\Users\artur\AppData\Local\Temp\gyqk4z0q.0.cs(122,67) : error CS0246: The type or namespace name 'Modifier' could not be found (are you missing a using directive or an assembly reference?)
c:\Users\artur\AppData\Local\Temp\gyqk4z0q.0.cs(125,40) : error CS1061: 'SmartBotProfiles.RulesSet' does not contain a definition for 'AddOrUpdate' and no extension method 'AddOrUpdate' accepting a first argument of type 'SmartBotProfiles.RulesSet' could be found (are you missing a using directive or an assembly reference?)
c:\Users\artur\AppData\Local\Temp\gyqk4z0q.0.cs(125,65) : error CS0246: The type or namespace name 'Modifier' could not be found (are you missing a using directive or an assembly reference?)
c:\Users\artur\AppData\Local\Temp\gyqk4z0q.0.cs(128,40) : error CS1061: 'SmartBotProfiles.RulesSet' does not contain a definition for 'AddOrUpdate' and no extension method 'AddOrUpdate' accepting a first argument of type 'SmartBotProfiles.RulesSet' could be found (are you missing a using directive or an assembly reference?)
c:\Users\artur\AppData\Local\Temp\gyqk4z0q.0.cs(128,68) : error CS0246: The type or namespace name 'Modifier' could not be found (are you missing a using directive or an assembly reference?)
c:\Users\artur\AppData\Local\Temp\gyqk4z0q.0.cs(131,41) : error CS1061: 'SmartBotProfiles.RulesSet' does not contain a definition for 'AddOrUpdate' and no extension method 'AddOrUpdate' accepting a first argument of type 'SmartBotProfiles.RulesSet' could be found (are you missing a using directive or an assembly reference?)
c:\Users\artur\AppData\Local\Temp\gyqk4z0q.0.cs(131,71) : error CS0246: The type or namespace name 'Modifier' could not be found (are you missing a using directive or an assembly reference?)
c:\Users\artur\AppData\Local\Temp\gyqk4z0q.0.cs(137,44) : error CS1061: 'SmartBotProfiles.RulesSet' does not contain a definition for 'AddOrUpdate' and no extension method 'AddOrUpdate' accepting a first argument of type 'SmartBotProfiles.RulesSet' could be found (are you missing a using directive or an assembly reference?)
c:\Users\artur\AppData\Local\Temp\gyqk4z0q.0.cs(138,25) : error CS0246: The type or namespace name 'Modifier' could not be found (are you missing a using directive or an assembly reference?)
c:\Users\artur\AppData\Local\Temp\gyqk4z0q.0.cs(141,44) : error CS1061: 'SmartBotProfiles.RulesSet' does not contain a definition for 'AddOrUpdate' and no extension method 'AddOrUpdate' accepting a first argument of type 'SmartBotProfiles.RulesSet' could be found (are you missing a using directive or an assembly reference?)
c:\Users\artur\AppData\Local\Temp\gyqk4z0q.0.cs(142,25) : error CS0246: The type or namespace name 'Modifier' could not be found (are you missing a using directive or an assembly reference?)
c:\Users\artur\AppData\Local\Temp\gyqk4z0q.0.cs(145,44) : error CS1061: 'SmartBotProfiles.RulesSet' does not contain a definition for 'AddOrUpdate' and no extension method 'AddOrUpdate' accepting a first argument of type 'SmartBotProfiles.RulesSet' could be found (are you missing a using directive or an assembly reference?)
c:\Users\artur\AppData\Local\Temp\gyqk4z0q.0.cs(146,25) : error CS0246: The type or namespace name 'Modifier' could not be found (are you missing a using directive or an assembly reference?)
c:\Users\artur\AppData\Local\Temp\gyqk4z0q.0.cs(149,45) : error CS1061: 'SmartBotProfiles.RulesSet' does not contain a definition for 'AddOrUpdate' and no extension method 'AddOrUpdate' accepting a first argument of type 'SmartBotProfiles.RulesSet' could be found (are you missing a using directive or an assembly reference?)
c:\Users\artur\AppData\Local\Temp\gyqk4z0q.0.cs(149,74) : error CS0246: The type or namespace name 'Modifier' could not be found (are you missing a using directive or an assembly reference?)
c:\Users\artur\AppData\Local\Temp\gyqk4z0q.0.cs(155,45) : error CS1061: 'SmartBotProfiles.RulesSet' does not contain a definition for 'AddOrUpdate' and no extension method 'AddOrUpdate' accepting a first argument of type 'SmartBotProfiles.RulesSet' could be found (are you missing a using directive or an assembly reference?)
c:\Users\artur\AppData\Local\Temp\gyqk4z0q.0.cs(155,74) : error CS0246: The type or namespace name 'Modifier' could not be found (are you missing a using directive or an assembly reference?)
c:\Users\artur\AppData\Local\Temp\gyqk4z0q.0.cs(160,45) : error CS1061: 'SmartBotProfiles.RulesSet' does not contain a definition for 'AddOrUpdate' and no extension method 'AddOrUpdate' accepting a first argument of type 'SmartBotProfiles.RulesSet' could be found (are you missing a using directive or an assembly reference?)
c:\Users\artur\AppData\Local\Temp\gyqk4z0q.0.cs(160,74) : error CS0246: The type or namespace name 'Modifier' could not be found (are you missing a using directive or an assembly reference?)
c:\Users\artur\AppData\Local\Temp\gyqk4z0q.0.cs(166,44) : error CS1061: 'SmartBotProfiles.RulesSet' does not contain a definition for 'AddOrUpdate' and no extension method 'AddOrUpdate' accepting a first argument of type 'SmartBotProfiles.RulesSet' could be found (are you missing a using directive or an assembly reference?)
c:\Users\artur\AppData\Local\Temp\gyqk4z0q.0.cs(166,77) : error CS0246: The type or namespace name 'Modifier' could not be found (are you missing a using directive or an assembly reference?)
c:\Users\artur\AppData\Local\Temp\gyqk4z0q.0.cs(172,44) : error CS1061: 'SmartBotProfiles.RulesSet' does not contain a definition for 'AddOrUpdate' and no extension method 'AddOrUpdate' accepting a first argument of type 'SmartBotProfiles.RulesSet' could be found (are you missing a using directive or an assembly reference?)
c:\Users\artur\AppData\Local\Temp\gyqk4z0q.0.cs(172,80) : error CS0246: The type or namespace name 'Modifier' could not be found (are you missing a using directive or an assembly reference?)
c:\Users\artur\AppData\Local\Temp\gyqk4z0q.0.cs(173,28) : error CS1061: 'SmartBotProfiles.ProfileParameters' does not contain a definition for 'GlobalDrawModifier' and no extension method 'GlobalDrawModifier' accepting a first argument of type 'SmartBotProfiles.ProfileParameters' could be found (are you missing a using directive or an assembly reference?)
c:\Users\artur\AppData\Local\Temp\gyqk4z0q.0.cs(173,53) : error CS0246: The type or namespace name 'Modifier' could not be found (are you missing a using directive or an assembly reference?)
c:\Users\artur\AppData\Local\Temp\gyqk4z0q.0.cs(177,28) : error CS1061: 'SmartBotProfiles.ProfileParameters' does not contain a definition for 'GlobalDrawModifier' and no extension method 'GlobalDrawModifier' accepting a first argument of type 'SmartBotProfiles.ProfileParameters' could be found (are you missing a using directive or an assembly reference?)
c:\Users\artur\AppData\Local\Temp\gyqk4z0q.0.cs(177,53) : error CS0246: The type or namespace name 'Modifier' could not be found (are you missing a using directive or an assembly reference?)
c:\Users\artur\AppData\Local\Temp\gyqk4z0q.0.cs(213,41) : error CS1061: 'SmartBotProfiles.RulesSet' does not contain a definition for 'AddOrUpdate' and no extension method 'AddOrUpdate' accepting a first argument of type 'SmartBotProfiles.RulesSet' could be found (are you missing a using directive or an assembly reference?)
c:\Users\artur\AppData\Local\Temp\gyqk4z0q.0.cs(213,70) : error CS0246: The type or namespace name 'Modifier' could not be found (are you missing a using directive or an assembly reference?)
c:\Users\artur\AppData\Local\Temp\gyqk4z0q.0.cs(216,41) : error CS1061: 'SmartBotProfiles.RulesSet' does not contain a definition for 'AddOrUpdate' and no extension method 'AddOrUpdate' accepting a first argument of type 'SmartBotProfiles.RulesSet' could be found (are you missing a using directive or an assembly reference?)
c:\Users\artur\AppData\Local\Temp\gyqk4z0q.0.cs(216,69) : error CS0246: The type or namespace name 'Modifier' could not be found (are you missing a using directive or an assembly reference?)
c:\Users\artur\AppData\Local\Temp\gyqk4z0q.0.cs(222,41) : error CS1061: 'SmartBotProfiles.RulesSet' does not contain a definition for 'AddOrUpdate' and no extension method 'AddOrUpdate' accepting a first argument of type 'SmartBotProfiles.RulesSet' could be found (are you missing a using directive or an assembly reference?)
c:\Users\artur\AppData\Local\Temp\gyqk4z0q.0.cs(222,75) : error CS0246: The type or namespace name 'Modifier' could not be found (are you missing a using directive or an assembly reference?)
c:\Users\artur\AppData\Local\Temp\gyqk4z0q.0.cs(236,44) : error CS1061: 'SmartBotProfiles.RulesSet' does not contain a definition for 'AddOrUpdate' and no extension method 'AddOrUpdate' accepting a first argument of type 'SmartBotProfiles.RulesSet' could be found (are you missing a using directive or an assembly reference?)
c:\Users\artur\AppData\Local\Temp\gyqk4z0q.0.cs(236,67) : error CS0246: The type or namespace name 'Modifier' could not be found (are you missing a using directive or an assembly reference?)
c:\Users\artur\AppData\Local\Temp\gyqk4z0q.0.cs(244,45) : error CS1061: 'SmartBotProfiles.RulesSet' does not contain a definition for 'AddOrUpdate' and no extension method 'AddOrUpdate' accepting a first argument of type 'SmartBotProfiles.RulesSet' could be found (are you missing a using directive or an assembly reference?)
c:\Users\artur\AppData\Local\Temp\gyqk4z0q.0.cs(244,68) : error CS0246: The type or namespace name 'Modifier' could not be found (are you missing a using directive or an assembly reference?)
c:\Users\artur\AppData\Local\Temp\zybruuph.0.cs(119,40) : error CS1061: 'SmartBotProfiles.RulesSet' does not contain a definition for 'AddOrUpdate' and no extension method 'AddOrUpdate' accepting a first argument of type 'SmartBotProfiles.RulesSet' could be found (are you missing a using directive or an assembly reference?)
c:\Users\artur\AppData\Local\Temp\zybruuph.0.cs(119,69) : error CS0246: The type or namespace name 'Modifier' could not be found (are you missing a using directive or an assembly reference?)
c:\Users\artur\AppData\Local\Temp\zybruuph.0.cs(122,40) : error CS1061: 'SmartBotProfiles.RulesSet' does not contain a definition for 'AddOrUpdate' and no extension method 'AddOrUpdate' accepting a first argument of type 'SmartBotProfiles.RulesSet' could be found (are you missing a using directive or an assembly reference?)
c:\Users\artur\AppData\Local\Temp\zybruuph.0.cs(122,67) : error CS0246: The type or namespace name 'Modifier' could not be found (are you missing a using directive or an assembly reference?)
c:\Users\artur\AppData\Local\Temp\zybruuph.0.cs(125,40) : error CS1061: 'SmartBotProfiles.RulesSet' does not contain a definition for 'AddOrUpdate' and no extension method 'AddOrUpdate' accepting a first argument of type 'SmartBotProfiles.RulesSet' could be found (are you missing a using directive or an assembly reference?)
c:\Users\artur\AppData\Local\Temp\zybruuph.0.cs(125,65) : error CS0246: The type or namespace name 'Modifier' could not be found (are you missing a using directive or an assembly reference?)
c:\Users\artur\AppData\Local\Temp\zybruuph.0.cs(128,40) : error CS1061: 'SmartBotProfiles.RulesSet' does not contain a definition for 'AddOrUpdate' and no extension method 'AddOrUpdate' accepting a first argument of type 'SmartBotProfiles.RulesSet' could be found (are you missing a using directive or an assembly reference?)
c:\Users\artur\AppData\Local\Temp\zybruuph.0.cs(128,68) : error CS0246: The type or namespace name 'Modifier' could not be found (are you missing a using directive or an assembly reference?)
c:\Users\artur\AppData\Local\Temp\zybruuph.0.cs(131,41) : error CS1061: 'SmartBotProfiles.RulesSet' does not contain a definition for 'AddOrUpdate' and no extension method 'AddOrUpdate' accepting a first argument of type 'SmartBotProfiles.RulesSet' could be found (are you missing a using directive or an assembly reference?)
c:\Users\artur\AppData\Local\Temp\zybruuph.0.cs(131,71) : error CS0246: The type or namespace name 'Modifier' could not be found (are you missing a using directive or an assembly reference?)
c:\Users\artur\AppData\Local\Temp\zybruuph.0.cs(137,44) : error CS1061: 'SmartBotProfiles.RulesSet' does not contain a definition for 'AddOrUpdate' and no extension method 'AddOrUpdate' accepting a first argument of type 'SmartBotProfiles.RulesSet' could be found (are you missing a using directive or an assembly reference?)
c:\Users\artur\AppData\Local\Temp\zybruuph.0.cs(138,25) : error CS0246: The type or namespace name 'Modifier' could not be found (are you missing a using directive or an assembly reference?)
c:\Users\artur\AppData\Local\Temp\zybruuph.0.cs(141,44) : error CS1061: 'SmartBotProfiles.RulesSet' does not contain a definition for 'AddOrUpdate' and no extension method 'AddOrUpdate' accepting a first argument of type 'SmartBotProfiles.RulesSet' could be found (are you missing a using directive or an assembly reference?)
c:\Users\artur\AppData\Local\Temp\zybruuph.0.cs(142,25) : error CS0246: The type or namespace name 'Modifier' could not be found (are you missing a using directive or an assembly reference?)
c:\Users\artur\AppData\Local\Temp\zybruuph.0.cs(145,44) : error CS1061: 'SmartBotProfiles.RulesSet' does not contain a definition for 'AddOrUpdate' and no extension method 'AddOrUpdate' accepting a first argument of type 'SmartBotProfiles.RulesSet' could be found (are you missing a using directive or an assembly reference?)
c:\Users\artur\AppData\Local\Temp\zybruuph.0.cs(146,25) : error CS0246: The type or namespace name 'Modifier' could not be found (are you missing a using directive or an assembly reference?)
c:\Users\artur\AppData\Local\Temp\zybruuph.0.cs(149,45) : error CS1061: 'SmartBotProfiles.RulesSet' does not contain a definition for 'AddOrUpdate' and no extension method 'AddOrUpdate' accepting a first argument of type 'SmartBotProfiles.RulesSet' could be found (are you missing a using directive or an assembly reference?)
c:\Users\artur\AppData\Local\Temp\zybruuph.0.cs(149,74) : error CS0246: The type or namespace name 'Modifier' could not be found (are you missing a using directive or an assembly reference?)
c:\Users\artur\AppData\Local\Temp\zybruuph.0.cs(155,45) : error CS1061: 'SmartBotProfiles.RulesSet' does not contain a definition for 'AddOrUpdate' and no extension method 'AddOrUpdate' accepting a first argument of type 'SmartBotProfiles.RulesSet' could be found (are you missing a using directive or an assembly reference?)
c:\Users\artur\AppData\Local\Temp\zybruuph.0.cs(155,74) : error CS0246: The type or namespace name 'Modifier' could not be found (are you missing a using directive or an assembly reference?)
c:\Users\artur\AppData\Local\Temp\zybruuph.0.cs(160,45) : error CS1061: 'SmartBotProfiles.RulesSet' does not contain a definition for 'AddOrUpdate' and no extension method 'AddOrUpdate' accepting a first argument of type 'SmartBotProfiles.RulesSet' could be found (are you missing a using directive or an assembly reference?)
c:\Users\artur\AppData\Local\Temp\zybruuph.0.cs(160,74) : error CS0246: The type or namespace name 'Modifier' could not be found (are you missing a using directive or an assembly reference?)
c:\Users\artur\AppData\Local\Temp\zybruuph.0.cs(166,44) : error CS1061: 'SmartBotProfiles.RulesSet' does not contain a definition for 'AddOrUpdate' and no extension method 'AddOrUpdate' accepting a first argument of type 'SmartBotProfiles.RulesSet' could be found (are you missing a using directive or an assembly reference?)
c:\Users\artur\AppData\Local\Temp\zybruuph.0.cs(166,77) : error CS0246: The type or namespace name 'Modifier' could not be found (are you missing a using directive or an assembly reference?)
c:\Users\artur\AppData\Local\Temp\zybruuph.0.cs(172,44) : error CS1061: 'SmartBotProfiles.RulesSet' does not contain a definition for 'AddOrUpdate' and no extension method 'AddOrUpdate' accepting a first argument of type 'SmartBotProfiles.RulesSet' could be found (are you missing a using directive or an assembly reference?)
c:\Users\artur\AppData\Local\Temp\zybruuph.0.cs(172,80) : error CS0246: The type or namespace name 'Modifier' could not be found (are you missing a using directive or an assembly reference?)
c:\Users\artur\AppData\Local\Temp\zybruuph.0.cs(173,28) : error CS1061: 'SmartBotProfiles.ProfileParameters' does not contain a definition for 'GlobalDrawModifier' and no extension method 'GlobalDrawModifier' accepting a first argument of type 'SmartBotProfiles.ProfileParameters' could be found (are you missing a using directive or an assembly reference?)
c:\Users\artur\AppData\Local\Temp\zybruuph.0.cs(173,53) : error CS0246: The type or namespace name 'Modifier' could not be found (are you missing a using directive or an assembly reference?)
c:\Users\artur\AppData\Local\Temp\zybruuph.0.cs(177,28) : error CS1061: 'SmartBotProfiles.ProfileParameters' does not contain a definition for 'GlobalDrawModifier' and no extension method 'GlobalDrawModifier' accepting a first argument of type 'SmartBotProfiles.ProfileParameters' could be found (are you missing a using directive or an assembly reference?)
c:\Users\artur\AppData\Local\Temp\zybruuph.0.cs(177,53) : error CS0246: The type or namespace name 'Modifier' could not be found (are you missing a using directive or an assembly reference?)
c:\Users\artur\AppData\Local\Temp\zybruuph.0.cs(213,41) : error CS1061: 'SmartBotProfiles.RulesSet' does not contain a definition for 'AddOrUpdate' and no extension method 'AddOrUpdate' accepting a first argument of type 'SmartBotProfiles.RulesSet' could be found (are you missing a using directive or an assembly reference?)
c:\Users\artur\AppData\Local\Temp\zybruuph.0.cs(213,70) : error CS0246: The type or namespace name 'Modifier' could not be found (are you missing a using directive or an assembly reference?)
c:\Users\artur\AppData\Local\Temp\zybruuph.0.cs(216,41) : error CS1061: 'SmartBotProfiles.RulesSet' does not contain a definition for 'AddOrUpdate' and no extension method 'AddOrUpdate' accepting a first argument of type 'SmartBotProfiles.RulesSet' could be found (are you missing a using directive or an assembly reference?)
c:\Users\artur\AppData\Local\Temp\zybruuph.0.cs(216,69) : error CS0246: The type or namespace name 'Modifier' could not be found (are you missing a using directive or an assembly reference?)
c:\Users\artur\AppData\Local\Temp\zybruuph.0.cs(222,41) : error CS1061: 'SmartBotProfiles.RulesSet' does not contain a definition for 'AddOrUpdate' and no extension method 'AddOrUpdate' accepting a first argument of type 'SmartBotProfiles.RulesSet' could be found (are you missing a using directive or an assembly reference?)
c:\Users\artur\AppData\Local\Temp\zybruuph.0.cs(222,75) : error CS0246: The type or namespace name 'Modifier' could not be found (are you missing a using directive or an assembly reference?)
c:\Users\artur\AppData\Local\Temp\zybruuph.0.cs(236,44) : error CS1061: 'SmartBotProfiles.RulesSet' does not contain a definition for 'AddOrUpdate' and no extension method 'AddOrUpdate' accepting a first argument of type 'SmartBotProfiles.RulesSet' could be found (are you missing a using directive or an assembly reference?)
c:\Users\artur\AppData\Local\Temp\zybruuph.0.cs(236,67) : error CS0246: The type or namespace name 'Modifier' could not be found (are you missing a using directive or an assembly reference?)
c:\Users\artur\AppData\Local\Temp\zybruuph.0.cs(244,45) : error CS1061: 'SmartBotProfiles.RulesSet' does not contain a definition for 'AddOrUpdate' and no extension method 'AddOrUpdate' accepting a first argument of type 'SmartBotProfiles.RulesSet' could be found (are you missing a using directive or an assembly reference?)
c:\Users\artur\AppData\Local\Temp\zybruuph.0.cs(244,68) : error CS0246: The type or namespace name 'Modifier' could not be found (are you missing a using directive or an assembly reference?)
c:\Users\artur\AppData\Local\Temp\kftqql5b.0.cs(27,18) : error CS0535: 'SmartBot.Profiles.ShameShaman' does not implement interface member 'SmartBotProfiles.Profile.SirFinleyChoice(System.Collections.Generic.List<SmartBot.Plugins.API.Card.Cards>)'
